CyclePhillyAndroid/build/outputs/logs/manifest-merger-mainActivity-debug-report.txt
-- Merging decision tree log ---
manifest
ADDED from AndroidManifest.xml:2:1
	package
		ADDED from AndroidManifest.xml:3:5
	android:versionName
		ADDED from AndroidManifest.xml:5:5
	android:versionCode
		ADDED from AndroidManifest.xml:4:5
		INJECTED from AndroidManifest.xml:0:0
		INJECTED from AndroidManifest.xml:0:0
	xmlns:android
		ADDED from AndroidManifest.xml:2:11
	android:installLocation
		ADDED from AndroidManifest.xml:6:5
uses-sdk
ADDED from AndroidManifest.xml:8:5
MERGED from com.android.support:support-v4:22.1.1:20:5
MERGED from com.android.support:recyclerview-v7:21.0.0:15:5
MERGED from com.android.support:support-v4:22.1.1:20:5
MERGED from com.android.support:cardview-v7:21.0.0:15:5
MERGED from com.google.android.gms:play-services:6.1.11:15:5
MERGED from com.android.support:support-v4:22.1.1:20:5
MERGED from com.android.support:appcompat-v7:22.1.1:20:5
MERGED from com.android.support:support-v4:22.1.1:20:5
	android:targetSdkVersion
		ADDED from AndroidManifest.xml:10:9
		INJECTED from AndroidManifest.xml:0:0
		INJECTED from AndroidManifest.xml:0:0
	android:minSdkVersion
		ADDED from AndroidManifest.xml:9:9
		INJECTED from AndroidManifest.xml:0:0
		INJECTED from AndroidManifest.xml:0:0
permission#org.phillyopen.mytracks.cyclephilly.permission.MAPS_RECEIVE
ADDED from AndroidManifest.xml:12:5
	android:protectionLevel
		ADDED from AndroidManifest.xml:14:10
	android:name
		ADDED from AndroidManifest.xml:13:10
uses-permission#org.phillyopen.mytracks.cyclephilly.permission.MAPS_RECEIVE
ADDED from AndroidManifest.xml:16:2
	android:name
		ADDED from AndroidManifest.xml:16:20
uses-permission#com.google.android.providers.gsf.permission.READ_GSERVICES
ADDED from AndroidManifest.xml:17:2
	android:name
		ADDED from AndroidManifest.xml:17:19
uses-permission#android.permission.ACCESS_FINE_LOCATION
ADDED from AndroidManifest.xml:18:5
	android:name
		ADDED from AndroidManifest.xml:18:22
uses-permission#android.permission.ACCESS_COARSE_LOCATION
ADDED from AndroidManifest.xml:19:5
	android:name
		ADDED from AndroidManifest.xml:19:22
uses-permission#android.permission.INTERNET
ADDED from AndroidManifest.xml:20:5
	android:name
		ADDED from AndroidManifest.xml:20:22
uses-permission#android.permission.ACCESS_NETWORK_STATE
ADDED from AndroidManifest.xml:21:5
	android:name
		ADDED from AndroidManifest.xml:21:22
uses-permission#android.permission.WRITE_EXTERNAL_STORAGE
ADDED from AndroidManifest.xml:22:5
	android:name
		ADDED from AndroidManifest.xml:22:22
uses-permission#com.google.android.gms.permission.ACTIVITY_RECOGNITION
ADDED from AndroidManifest.xml:23:5
	android:name
		ADDED from AndroidManifest.xml:23:22
supports-screens
ADDED from AndroidManifest.xml:26:5
	android:normalScreens
		ADDED from AndroidManifest.xml:28:9
	android:anyDensity
		ADDED from AndroidManifest.xml:27:9
application
ADDED from AndroidManifest.xml:30:1
MERGED from com.android.support:support-v4:22.1.1:22:5
MERGED from com.android.support:recyclerview-v7:21.0.0:17:5
MERGED from com.android.support:support-v4:22.1.1:22:5
MERGED from com.android.support:cardview-v7:21.0.0:16:5
MERGED from com.google.android.gms:play-services:6.1.11:16:5
MERGED from com.android.support:support-v4:22.1.1:22:5
MERGED from com.android.support:appcompat-v7:22.1.1:22:5
MERGED from com.android.support:support-v4:22.1.1:22:5
	android:label
		ADDED from AndroidManifest.xml:32:5
	android:allowBackup
		ADDED from AndroidManifest.xml:33:5
	android:icon
		ADDED from AndroidManifest.xml:31:5
activity#org.phillyopen.mytracks.cyclephilly.activity.MainActivity
ADDED from AndroidManifest.xml:34:5
	android:label
		ADDED from AndroidManifest.xml:36:9
	android:launchMode
		ADDED from AndroidManifest.xml:38:9
	android:theme
		ADDED from AndroidManifest.xml:37:9
	android:name
		ADDED from AndroidManifest.xml:35:9
intent-filter#${mainCategory}+android.intent.action.MAIN
ADDED from AndroidManifest.xml:39:9
action#android.intent.action.MAIN
ADDED from AndroidManifest.xml:40:13
	android:name
		ADDED from AndroidManifest.xml:40:21
category#${mainCategory}
ADDED from AndroidManifest.xml:42:13
	android:name
		ADDED from AndroidManifest.xml:42:23
		INJECTED from AndroidManifest.xml:0:0
		INJECTED from AndroidManifest.xml:0:0
activity#org.phillyopen.mytracks.cyclephilly.MainInput
ADDED from AndroidManifest.xml:46:5
	android:label
		ADDED from AndroidManifest.xml:48:9
	android:launchMode
		ADDED from AndroidManifest.xml:50:9
	android:theme
		ADDED from AndroidManifest.xml:49:9
	android:name
		ADDED from AndroidManifest.xml:47:9
intent-filter#${mainCategory}+android.intent.action.MAIN+android.intent.category.LAUNCHER
ADDED from AndroidManifest.xml:51:9
category#android.intent.category.LAUNCHER
ADDED from AndroidManifest.xml:53:13
	android:name
		ADDED from AndroidManifest.xml:53:23
activity#org.phillyopen.mytracks.cyclephilly.RecordingActivity
ADDED from AndroidManifest.xml:57:9
	android:label
		ADDED from AndroidManifest.xml:60:13
	android:launchMode
		ADDED from AndroidManifest.xml:61:13
	android:finishOnTaskLaunch
		ADDED from AndroidManifest.xml:59:13
	android:name
		ADDED from AndroidManifest.xml:58:13
activity#org.phillyopen.mytracks.cyclephilly.SaveTrip
ADDED from AndroidManifest.xml:63:9
	android:launchMode
		ADDED from AndroidManifest.xml:66:13
	android:finishOnTaskLaunch
		ADDED from AndroidManifest.xml:65:13
	android:name
		ADDED from AndroidManifest.xml:64:13
activity#org.phillyopen.mytracks.cyclephilly.ShowMap
ADDED from AndroidManifest.xml:68:9
	android:launchMode
		ADDED from AndroidManifest.xml:71:13
	android:finishOnTaskLaunch
		ADDED from AndroidManifest.xml:70:13
	android:name
		ADDED from AndroidManifest.xml:69:13
activity#org.phillyopen.mytracks.cyclephilly.ShowMapNearby
ADDED from AndroidManifest.xml:73:9
	android:launchMode
		ADDED from AndroidManifest.xml:76:13
	android:finishOnTaskLaunch
		ADDED from AndroidManifest.xml:75:13
	android:name
		ADDED from AndroidManifest.xml:74:13
activity#org.phillyopen.mytracks.cyclephilly.UserInfoActivity
ADDED from AndroidManifest.xml:78:9
	android:launchMode
		ADDED from AndroidManifest.xml:81:13
	android:finishOnTaskLaunch
		ADDED from AndroidManifest.xml:80:13
	android:name
		ADDED from AndroidManifest.xml:79:13
activity#org.phillyopen.mytracks.cyclephilly.LicenseActivity
ADDED from AndroidManifest.xml:83:9
	android:launchMode
		ADDED from AndroidManifest.xml:86:13
	android:finishOnTaskLaunch
		ADDED from AndroidManifest.xml:85:13
	android:name
		ADDED from AndroidManifest.xml:84:13
service#org.phillyopen.mytracks.cyclephilly.RecordingService
ADDED from AndroidManifest.xml:89:9
	android:enabled
		ADDED from AndroidManifest.xml:91:13
	android:exported
		ADDED from AndroidManifest.xml:92:13
	android:name
		ADDED from AndroidManifest.xml:90:13
service#org.phillyopen.mytracks.cyclephilly.ActivityRecognitionIntentService
ADDED from AndroidManifest.xml:95:9
	android:exported
		ADDED from AndroidManifest.xml:97:7
	android:name
		ADDED from AndroidManifest.xml:96:7
meta-data#com.google.android.maps.v2.API_KEY
ADDED from AndroidManifest.xml:100:9
	android:value
		ADDED from AndroidManifest.xml:102:7
	android:name
		ADDED from AndroidManifest.xml:101:7
meta-data#com.google.android.gms.version
ADDED from AndroidManifest.xml:103:9
	android:value
		ADDED from AndroidManifest.xml:105:13
	android:name
		ADDED from AndroidManifest.xml:104:13
activity#android.support.v7.widget.TestActivity
ADDED from com.android.support:recyclerview-v7:21.0.0:18:9
	android:label
		ADDED from com.android.support:recyclerview-v7:21.0.0:18:19
	android:name
		ADDED from com.android.support:recyclerview-v7:21.0.0:18:60